<?xml version="1.0" encoding="UTF-8"?>
<testsuite name="com.eprogrammerz.ImageControllerSpec" tests="1" skipped="0" failures="1" errors="0" timestamp="2016-05-26T23:38:11" hostname="VAIO" time="0.166">
  <properties/>
  <testcase name="test something" classname="com.eprogrammerz.ImageControllerSpec" time="0.166">
    <failure message="org.springframework.beans.factory.BeanCreationException: Error creating bean with name 'grailsApplicationPostProcessor': Initialization of bean failed; nested exception is grails.plugins.exceptions.PluginException: Failed to initialize class [test.AbstractImage] from plugin [elasticsearch] : test.AbstractImage" type="org.springframework.beans.factory.BeanCreationException">org.springframework.beans.factory.BeanCreationException: Error creating bean with name 'grailsApplicationPostProcessor': Initialization of bean failed; nested exception is grails.plugins.exceptions.PluginException: Failed to initialize class [test.AbstractImage] from plugin [elasticsearch] : test.AbstractImage
	at org.springframework.beans.factory.support.AbstractAutowireCapableBeanFactory.doCreateBean(AbstractAutowireCapableBeanFactory.java:553)
	at org.springframework.beans.factory.support.AbstractAutowireCapableBeanFactory.createBean(AbstractAutowireCapableBeanFactory.java:482)
	at org.springframework.beans.factory.support.AbstractBeanFactory$1.getObject(AbstractBeanFactory.java:306)
	at org.springframework.beans.factory.support.DefaultSingletonBeanRegistry.getSingleton(DefaultSingletonBeanRegistry.java:230)
	at org.springframework.beans.factory.support.AbstractBeanFactory.doGetBean(AbstractBeanFactory.java:302)
	at org.springframework.beans.factory.support.AbstractBeanFactory.getBean(AbstractBeanFactory.java:202)
	at org.springframework.context.support.PostProcessorRegistrationDelegate.invokeBeanFactoryPostProcessors(PostProcessorRegistrationDelegate.java:120)
	at org.springframework.context.support.AbstractApplicationContext.invokeBeanFactoryPostProcessors(AbstractApplicationContext.java:678)
	at org.springframework.context.support.AbstractApplicationContext.refresh(AbstractApplicationContext.java:520)
	at grails.test.runtime.GrailsApplicationTestPlugin.createMainContext(GrailsApplicationTestPlugin.groovy:127)
	at grails.test.runtime.GrailsApplicationTestPlugin.initGrailsApplication(GrailsApplicationTestPlugin.groovy:90)
	at grails.test.runtime.GrailsApplicationTestPlugin.onTestEvent(GrailsApplicationTestPlugin.groovy:343)
	at grails.test.runtime.TestRuntime.deliverEvent(TestRuntime.groovy:295)
	at grails.test.runtime.TestRuntime.executeEventLoop(TestRuntime.groovy:280)
	at grails.test.runtime.TestRuntime.processEvents(TestRuntime.groovy:265)
	at grails.test.runtime.TestRuntime.doPublishEvent(TestRuntime.groovy:238)
	at grails.test.runtime.TestRuntime.publishEvent(TestRuntime.groovy:211)
	at grails.test.runtime.TestRuntime.getValue(TestRuntime.groovy:122)
	at grails.test.runtime.GrailsApplicationTestPlugin.onTestEvent(GrailsApplicationTestPlugin.groovy:336)
	at grails.test.runtime.TestRuntime.deliverEvent(TestRuntime.groovy:295)
	at grails.test.runtime.TestRuntime.processEvents(TestRuntime.groovy:264)
	at grails.test.runtime.TestRuntime.doPublishEvent(TestRuntime.groovy:248)
	at grails.test.runtime.TestRuntime.publishEvent(TestRuntime.groovy:211)
	at grails.test.runtime.TestRuntimeJunitAdapter.before(TestRuntimeJunitAdapter.groovy:106)
	at grails.test.runtime.TestRuntimeJunitAdapter$1$2.evaluate(TestRuntimeJunitAdapter.groovy:44)
	at org.spockframework.runtime.extension.builtin.TestRuleInterceptor.intercept(TestRuleInterceptor.java:38)
	at org.spockframework.runtime.extension.MethodInvocation.proceed(MethodInvocation.java:87)
	at org.spockframework.runtime.extension.MethodInvocation.proceed(MethodInvocation.java:88)
	at org.spockframework.runtime.extension.builtin.AbstractRuleInterceptor$1.evaluate(AbstractRuleInterceptor.java:37)
	at grails.test.runtime.TestRuntimeJunitAdapter$3$4.evaluate(TestRuntimeJunitAdapter.groovy:73)
	at org.spockframework.runtime.extension.builtin.ClassRuleInterceptor.intercept(ClassRuleInterceptor.java:38)
	at org.spockframework.runtime.extension.MethodInvocation.proceed(MethodInvocation.java:87)
	at org.gradle.api.internal.tasks.testing.junit.JUnitTestClassExecuter.runTestClass(JUnitTestClassExecuter.java:105)
	at org.gradle.api.internal.tasks.testing.junit.JUnitTestClassExecuter.execute(JUnitTestClassExecuter.java:56)
	at org.gradle.api.internal.tasks.testing.junit.JUnitTestClassProcessor.processTestClass(JUnitTestClassProcessor.java:64)
	at org.gradle.api.internal.tasks.testing.SuiteTestClassProcessor.processTestClass(SuiteTestClassProcessor.java:50)
	at org.gradle.messaging.dispatch.ReflectionDispatch.dispatch(ReflectionDispatch.java:35)
	at org.gradle.messaging.dispatch.ReflectionDispatch.dispatch(ReflectionDispatch.java:24)
	at org.gradle.messaging.dispatch.ContextClassLoaderDispatch.dispatch(ContextClassLoaderDispatch.java:32)
	at org.gradle.messaging.dispatch.ProxyDispatchAdapter$DispatchingInvocationHandler.invoke(ProxyDispatchAdapter.java:93)
	at org.gradle.api.internal.tasks.testing.worker.TestWorker.processTestClass(TestWorker.java:106)
	at org.gradle.messaging.dispatch.ReflectionDispatch.dispatch(ReflectionDispatch.java:35)
	at org.gradle.messaging.dispatch.ReflectionDispatch.dispatch(ReflectionDispatch.java:24)
	at org.gradle.messaging.remote.internal.hub.MessageHub$Handler.run(MessageHub.java:360)
	at org.gradle.internal.concurrent.ExecutorPolicy$CatchAndRecordFailures.onExecute(ExecutorPolicy.java:54)
	at org.gradle.internal.concurrent.StoppableExecutorImpl$1.run(StoppableExecutorImpl.java:40)
	at java.util.concurrent.ThreadPoolExecutor.runWorker(ThreadPoolExecutor.java:1142)
	at java.util.concurrent.ThreadPoolExecutor$Worker.run(ThreadPoolExecutor.java:617)
	at java.lang.Thread.run(Thread.java:745)
Caused by: grails.plugins.exceptions.PluginException: Failed to initialize class [test.AbstractImage] from plugin [elasticsearch] : test.AbstractImage
	at org.grails.plugins.BinaryGrailsPlugin.initializeProvidedArtefacts(BinaryGrailsPlugin.java:166)
	at org.grails.plugins.BinaryGrailsPlugin.&lt;init&gt;(BinaryGrailsPlugin.java:100)
	at grails.plugins.DefaultGrailsPluginManager.createBinaryGrailsPlugin(DefaultGrailsPluginManager.java:391)
	at grails.plugins.DefaultGrailsPluginManager.findCorePlugins(DefaultGrailsPluginManager.java:378)
	at grails.plugins.DefaultGrailsPluginManager.attemptLoadPlugins(DefaultGrailsPluginManager.java:330)
	at grails.plugins.DefaultGrailsPluginManager.loadPlugins(DefaultGrailsPluginManager.java:240)
	at grails.boot.config.GrailsApplicationPostProcessor.initializeGrailsApplication(GrailsApplicationPostProcessor.groovy:84)
	at grails.boot.config.GrailsApplicationPostProcessor.setApplicationContext(GrailsApplicationPostProcessor.groovy:208)
	at org.springframework.context.support.ApplicationContextAwareProcessor.invokeAwareInterfaces(ApplicationContextAwareProcessor.java:119)
	at org.springframework.context.support.ApplicationContextAwareProcessor.postProcessBeforeInitialization(ApplicationContextAwareProcessor.java:94)
	at org.springframework.beans.factory.support.AbstractAutowireCapableBeanFactory.applyBeanPostProcessorsBeforeInitialization(AbstractAutowireCapableBeanFactory.java:408)
	at org.springframework.beans.factory.support.AbstractAutowireCapableBeanFactory.initializeBean(AbstractAutowireCapableBeanFactory.java:1570)
	at org.springframework.beans.factory.support.AbstractAutowireCapableBeanFactory.doCreateBean(AbstractAutowireCapableBeanFactory.java:545)
	... 48 more
Caused by: java.lang.ClassNotFoundException: test.AbstractImage
	at java.net.URLClassLoader.findClass(URLClassLoader.java:381)
	at java.lang.ClassLoader.loadClass(ClassLoader.java:424)
	at groovy.lang.GroovyClassLoader.loadClass(GroovyClassLoader.java:677)
	at groovy.lang.GroovyClassLoader.loadClass(GroovyClassLoader.java:787)
	at groovy.lang.GroovyClassLoader.loadClass(GroovyClassLoader.java:775)
	at org.grails.plugins.BinaryGrailsPlugin.initializeProvidedArtefacts(BinaryGrailsPlugin.java:164)
	... 60 more
</failure>
  </testcase>
  <system-out><![CDATA[]]></system-out>
  <system-err><![CDATA[]]></system-err>
</testsuite>
